::1 - - [31/Dec/2020:13:41:29 +0000] "GET / HTTP/1.1" 304 - "http://localhost:8000/users/sign-in" "Mozilla/5.0 (Windows NT 10.0; WOW64) AppleWebKit/537.36 (KHTML, like Gecko) Chrome/87.0.4280.88 Safari/537.36"
::1 - - [31/Dec/2020:13:41:32 +0000] "GET /users/sign-out HTTP/1.1" 302 46 "http://localhost:8000/" "Mozilla/5.0 (Windows NT 10.0; WOW64) AppleWebKit/537.36 (KHTML, like Gecko) Chrome/87.0.4280.88 Safari/537.36"
::1 - - [31/Dec/2020:13:41:32 +0000] "GET / HTTP/1.1" 200 6974 "http://localhost:8000/" "Mozilla/5.0 (Windows NT 10.0; WOW64) AppleWebKit/537.36 (KHTML, like Gecko) Chrome/87.0.4280.88 Safari/537.36"
::1 - - [31/Dec/2020:13:41:34 +0000] "GET / HTTP/1.1" 200 6700 "http://localhost:8000/" "Mozilla/5.0 (Windows NT 10.0; WOW64) AppleWebKit/537.36 (KHTML, like Gecko) Chrome/87.0.4280.88 Safari/537.36"
::1 - - [31/Dec/2020:13:41:43 +0000] "GET / HTTP/1.1" 304 - "-" "Mozilla/5.0 (Windows NT 10.0; WOW64) AppleWebKit/537.36 (KHTML, like Gecko) Chrome/87.0.4280.88 Safari/537.36"
::1 - - [14/Jan/2021:23:02:51 +0000] "GET / HTTP/1.1" 200 7335 "-" "Mozilla/5.0 (Windows NT 10.0; WOW64) AppleWebKit/537.36 (KHTML, like Gecko) Chrome/87.0.4280.141 Safari/537.36"
::1 - - [14/Jan/2021:23:22:53 +0000] "GET /users/sign-in HTTP/1.1" 200 2922 "http://localhost:8000/" "Mozilla/5.0 (Windows NT 10.0; WOW64) AppleWebKit/537.36 (KHTML, like Gecko) Chrome/87.0.4280.141 Safari/537.36"
::1 - - [14/Jan/2021:23:23:00 +0000] "POST /users/login HTTP/1.1" 302 72 "http://localhost:8000/users/sign-in" "Mozilla/5.0 (Windows NT 10.0; WOW64) AppleWebKit/537.36 (KHTML, like Gecko) Chrome/87.0.4280.141 Safari/537.36"
::1 - - [14/Jan/2021:23:23:00 +0000] "GET /users/sign-in HTTP/1.1" 304 - "http://localhost:8000/users/sign-in" "Mozilla/5.0 (Windows NT 10.0; WOW64) AppleWebKit/537.36 (KHTML, like Gecko) Chrome/87.0.4280.141 Safari/537.36"
::1 - - [14/Jan/2021:23:23:07 +0000] "POST /users/login HTTP/1.1" 302 46 "http://localhost:8000/users/sign-in" "Mozilla/5.0 (Windows NT 10.0; WOW64) AppleWebKit/537.36 (KHTML, like Gecko) Chrome/87.0.4280.141 Safari/537.36"
::1 - - [14/Jan/2021:23:23:07 +0000] "GET / HTTP/1.1" 200 10519 "http://localhost:8000/users/sign-in" "Mozilla/5.0 (Windows NT 10.0; WOW64) AppleWebKit/537.36 (KHTML, like Gecko) Chrome/87.0.4280.141 Safari/537.36"
::1 - - [15/Jan/2021:00:04:27 +0000] "GET / HTTP/1.1" 200 10246 "http://localhost:8000/users/sign-in" "Mozilla/5.0 (Windows NT 10.0; WOW64) AppleWebKit/537.36 (KHTML, like Gecko) Chrome/87.0.4280.141 Safari/537.36"
::1 - - [15/Jan/2021:00:04:29 +0000] "GET / HTTP/1.1" 304 - "http://localhost:8000/users/sign-in" "Mozilla/5.0 (Windows NT 10.0; WOW64) AppleWebKit/537.36 (KHTML, like Gecko) Chrome/87.0.4280.141 Safari/537.36"
::1 - - [15/Jan/2021:00:04:30 +0000] "GET /users/profile/5fedc02596ed4a4198886e0a HTTP/1.1" 200 2591 "http://localhost:8000/" "Mozilla/5.0 (Windows NT 10.0; WOW64) AppleWebKit/537.36 (KHTML, like Gecko) Chrome/87.0.4280.141 Safari/537.36"
::1 - - [15/Jan/2021:00:04:33 +0000] "GET /users/sign-out HTTP/1.1" 302 46 "http://localhost:8000/" "Mozilla/5.0 (Windows NT 10.0; WOW64) AppleWebKit/537.36 (KHTML, like Gecko) Chrome/87.0.4280.141 Safari/537.36"
::1 - - [15/Jan/2021:00:04:33 +0000] "GET / HTTP/1.1" 200 7609 "http://localhost:8000/" "Mozilla/5.0 (Windows NT 10.0; WOW64) AppleWebKit/537.36 (KHTML, like Gecko) Chrome/87.0.4280.141 Safari/537.36"
::1 - - [15/Jan/2021:00:04:36 +0000] "GET /users/sign-in HTTP/1.1" 304 - "http://localhost:8000/" "Mozilla/5.0 (Windows NT 10.0; WOW64) AppleWebKit/537.36 (KHTML, like Gecko) Chrome/87.0.4280.141 Safari/537.36"
::1 - - [15/Jan/2021:00:04:41 +0000] "POST /users/login HTTP/1.1" 302 72 "http://localhost:8000/users/sign-in" "Mozilla/5.0 (Windows NT 10.0; WOW64) AppleWebKit/537.36 (KHTML, like Gecko) Chrome/87.0.4280.141 Safari/537.36"
::1 - - [15/Jan/2021:00:04:41 +0000] "GET /users/sign-in HTTP/1.1" 200 3196 "http://localhost:8000/users/sign-in" "Mozilla/5.0 (Windows NT 10.0; WOW64) AppleWebKit/537.36 (KHTML, like Gecko) Chrome/87.0.4280.141 Safari/537.36"
::1 - - [15/Jan/2021:00:04:45 +0000] "POST /users/login HTTP/1.1" 302 72 "http://localhost:8000/users/sign-in" "Mozilla/5.0 (Windows NT 10.0; WOW64) AppleWebKit/537.36 (KHTML, like Gecko) Chrome/87.0.4280.141 Safari/537.36"
::1 - - [15/Jan/2021:00:04:45 +0000] "GET /users/sign-in HTTP/1.1" 304 - "http://localhost:8000/users/sign-in" "Mozilla/5.0 (Windows NT 10.0; WOW64) AppleWebKit/537.36 (KHTML, like Gecko) Chrome/87.0.4280.141 Safari/537.36"
::1 - - [15/Jan/2021:00:04:50 +0000] "POST /users/login HTTP/1.1" 302 46 "http://localhost:8000/users/sign-in" "Mozilla/5.0 (Windows NT 10.0; WOW64) AppleWebKit/537.36 (KHTML, like Gecko) Chrome/87.0.4280.141 Safari/537.36"
::1 - - [15/Jan/2021:00:04:50 +0000] "GET / HTTP/1.1" 200 10230 "http://localhost:8000/users/sign-in" "Mozilla/5.0 (Windows NT 10.0; WOW64) AppleWebKit/537.36 (KHTML, like Gecko) Chrome/87.0.4280.141 Safari/537.36"
::1 - - [15/Jan/2021:00:04:54 +0000] "GET /users/profile/5f35e04ced87d24798ef0abf HTTP/1.1" 200 3097 "http://localhost:8000/" "Mozilla/5.0 (Windows NT 10.0; WOW64) AppleWebKit/537.36 (KHTML, like Gecko) Chrome/87.0.4280.141 Safari/537.36"
::1 - - [15/Jan/2021:00:04:59 +0000] "GET /users/profile/5feda018069262068828e5b7 HTTP/1.1" 200 2525 "http://localhost:8000/" "Mozilla/5.0 (Windows NT 10.0; WOW64) AppleWebKit/537.36 (KHTML, like Gecko) Chrome/87.0.4280.141 Safari/537.36"
::1 - - [15/Jan/2021:00:05:01 +0000] "GET /users/profile/5fedc02596ed4a4198886e0a HTTP/1.1" 200 2546 "http://localhost:8000/" "Mozilla/5.0 (Windows NT 10.0; WOW64) AppleWebKit/537.36 (KHTML, like Gecko) Chrome/87.0.4280.141 Safari/537.36"
::1 - - [15/Jan/2021:00:05:03 +0000] "GET /users/profile/5fed75ae03f51f2b74ca418e HTTP/1.1" 200 2525 "http://localhost:8000/" "Mozilla/5.0 (Windows NT 10.0; WOW64) AppleWebKit/537.36 (KHTML, like Gecko) Chrome/87.0.4280.141 Safari/537.36"
::1 - - [15/Jan/2021:00:05:05 +0000] "GET / HTTP/1.1" 200 9957 "http://localhost:8000/users/sign-in" "Mozilla/5.0 (Windows NT 10.0; WOW64) AppleWebKit/537.36 (KHTML, like Gecko) Chrome/87.0.4280.141 Safari/537.36"
::1 - - [15/Jan/2021:00:05:06 +0000] "GET / HTTP/1.1" 304 - "http://localhost:8000/users/sign-in" "Mozilla/5.0 (Windows NT 10.0; WOW64) AppleWebKit/537.36 (KHTML, like Gecko) Chrome/87.0.4280.141 Safari/537.36"
::1 - - [15/Jan/2021:00:05:06 +0000] "GET / HTTP/1.1" 304 - "http://localhost:8000/users/sign-in" "Mozilla/5.0 (Windows NT 10.0; WOW64) AppleWebKit/537.36 (KHTML, like Gecko) Chrome/87.0.4280.141 Safari/537.36"
::1 - - [15/Jan/2021:00:05:06 +0000] "GET / HTTP/1.1" 304 - "http://localhost:8000/users/sign-in" "Mozilla/5.0 (Windows NT 10.0; WOW64) AppleWebKit/537.36 (KHTML, like Gecko) Chrome/87.0.4280.141 Safari/537.36"
::1 - - [15/Jan/2021:00:05:08 +0000] "GET /users/profile/5fedc02596ed4a4198886e0a HTTP/1.1" 304 - "http://localhost:8000/" "Mozilla/5.0 (Windows NT 10.0; WOW64) AppleWebKit/537.36 (KHTML, like Gecko) Chrome/87.0.4280.141 Safari/537.36"
